[debug] [2024-03-20T04:35:24.477Z] ----------------------------------------------------------------------
[debug] [2024-03-20T04:35:24.480Z] Command:       C:\Program Files\nodejs\node.exe C:\Users\20001234\AppData\Roaming\npm\node_modules\firebase-tools\lib\bin\firebase.js init
[debug] [2024-03-20T04:35:24.481Z] CLI Version:   13.5.2
[debug] [2024-03-20T04:35:24.481Z] Platform:      win32
[debug] [2024-03-20T04:35:24.481Z] Node Version:  v18.16.0
[debug] [2024-03-20T04:35:24.484Z] Time:          Wed Mar 20 2024 12:35:24 GMT+0800 (台北標準時間)
[debug] [2024-03-20T04:35:24.484Z] ----------------------------------------------------------------------
[debug] 
[debug] [2024-03-20T04:35:24.581Z] > command requires scopes: ["email","openid","https://www.googleapis.com/auth/cloudplatformprojects.readonly","https://www.googleapis.com/auth/firebase","https://www.googleapis.com/auth/cloud-platform"]
[debug] [2024-03-20T04:35:24.582Z] > authorizing via signed-in user (annielin28815@gmail.com)
[info] 
     ######## #### ########  ######## ########     ###     ######  ########
     ##        ##  ##     ## ##       ##     ##  ##   ##  ##       ##
     ######    ##  ########  ######   ########  #########  ######  ######
     ##        ##  ##    ##  ##       ##     ## ##     ##       ## ##
     ##       #### ##     ## ######## ########  ##     ##  ######  ########

You're about to initialize a Firebase project in this directory:

  D:\personal\placeholder

Before we get started, keep in mind:

  * You are initializing within an existing Firebase project directory

